2016-05-27 14:49:28.241 Following entries record Rally REST API interaction via https://demo-apac.rallydev.com/slm/webservice/v2.0 for user: paul@acme.com
2016-05-27 14:49:28.397 GET HierarchicalRequirement?fetch=_ref,ObjectID,FormattedID,Name,Predecessors&query=(FormattedID = S122)&workspace=workspace/699220&project=project/719307&pagesize=100&start=1
2016-05-27 14:49:33.669 200 HierarchicalRequirement?fetch=_ref,ObjectID,FormattedID,Name,Predecessors&query=(FormattedID%20%3D%20S122)&workspace=workspace/699220&project=project TotalResultCount 1
2016-05-27 14:49:33.669 GET HierarchicalRequirement?fetch=_ref,ObjectID,FormattedID,Name,Predecessors&query=(FormattedID = S123)&workspace=workspace/699220&project=project/719307&pagesize=100&start=1
2016-05-27 14:49:38.929 200 HierarchicalRequirement?fetch=_ref,ObjectID,FormattedID,Name,Predecessors&query=(FormattedID%20%3D%20S123)&workspace=workspace/699220&project=project TotalResultCount 1
2016-05-27 14:49:38.945 GET https://demo-apac.rallydev.com/slm/webservice/v2.0/HierarchicalRequirement/2495311/Predecessors?pagesize=200&start=1&workspace=workspace/699220&project=project/719307
2016-05-27 14:49:44.202 200 HierarchicalRequirement/2495311/Predecessors?pagesize=200&start=1&workspace=workspace/699220&project=project TotalResultCount 1
2016-05-27 14:49:49.487 GET HierarchicalRequirement?fetch=ObjectID&query=(FormattedID = "S122")&workspace=workspace/699220&project=project/719307&pagesize=100&start=1
2016-05-27 14:49:54.744 200 HierarchicalRequirement?fetch=ObjectID&query=(FormattedID%20%3D%20%22S122%22)&workspace=workspace/699220&project=project TotalResultCount 1
2016-05-27 14:49:54.760 GET https://demo-apac.rallydev.com/slm/webservice/v2.0/attributedefinition/-10001/AllowedValues?pagesize=200&start=1&workspace=workspace/699220&project=project/719307
2016-05-27 14:50:00.002 200 attributedefinition/-10001/AllowedValues?pagesize=200&start=1&workspace=workspace/699220&project=project TotalResultCount 0
2016-05-27 14:50:00.002 GET https://demo-apac.rallydev.com/slm/webservice/v2.0/attributedefinition/-10000/AllowedValues?pagesize=200&start=1&workspace=workspace/699220&project=project/719307
2016-05-27 14:50:05.254 200 attributedefinition/-10000/AllowedValues?pagesize=200&start=1&workspace=workspace/699220&project=project TotalResultCount 0
2016-05-27 14:50:05.254 GET https://demo-apac.rallydev.com/slm/webservice/v2.0/attributedefinition/-41552/AllowedValues?pagesize=200&start=1&workspace=workspace/699220&project=project/719307
2016-05-27 14:50:10.513 200 attributedefinition/-41552/AllowedValues?pagesize=200&start=1&workspace=workspace/699220&project=project TotalResultCount 0
2016-05-27 14:50:10.513 GET https://demo-apac.rallydev.com/slm/webservice/v2.0/attributedefinition/-17000/AllowedValues?pagesize=200&start=1&workspace=workspace/699220&project=project/719307
2016-05-27 14:50:15.751 200 attributedefinition/-17000/AllowedValues?pagesize=200&start=1&workspace=workspace/699220&project=project TotalResultCount 0
2016-05-27 14:50:15.751 GET https://demo-apac.rallydev.com/slm/webservice/v2.0/attributedefinition/-17500/AllowedValues?pagesize=200&start=1&workspace=workspace/699220&project=project/719307
2016-05-27 14:50:21.075 200 attributedefinition/-17500/AllowedValues?pagesize=200&start=1&workspace=workspace/699220&project=project TotalResultCount 0
2016-05-27 14:50:21.075 GET https://demo-apac.rallydev.com/slm/webservice/v2.0/attributedefinition/-10514/AllowedValues?pagesize=200&start=1&workspace=workspace/699220&project=project/719307
2016-05-27 14:50:26.321 200 attributedefinition/-10514/AllowedValues?pagesize=200&start=1&workspace=workspace/699220&project=project TotalResultCount 0
2016-05-27 14:50:26.321 GET https://demo-apac.rallydev.com/slm/webservice/v2.0/attributedefinition/-10503/AllowedValues?pagesize=200&start=1&workspace=workspace/699220&project=project/719307
2016-05-27 14:50:31.580 200 attributedefinition/-10503/AllowedValues?pagesize=200&start=1&workspace=workspace/699220&project=project TotalResultCount 0
2016-05-27 14:50:31.580 GET https://demo-apac.rallydev.com/slm/webservice/v2.0/attributedefinition/-10509/AllowedValues?pagesize=200&start=1&workspace=workspace/699220&project=project/719307
2016-05-27 14:50:36.832 200 attributedefinition/-10509/AllowedValues?pagesize=200&start=1&workspace=workspace/699220&project=project TotalResultCount 0
2016-05-27 14:50:36.832 GET https://demo-apac.rallydev.com/slm/webservice/v2.0/attributedefinition/-10519/AllowedValues?pagesize=200&start=1&workspace=workspace/699220&project=project/719307
2016-05-27 14:50:42.071 200 attributedefinition/-10519/AllowedValues?pagesize=200&start=1&workspace=workspace/699220&project=project TotalResultCount 0
2016-05-27 14:50:42.071 GET https://demo-apac.rallydev.com/slm/webservice/v2.0/attributedefinition/-10500/AllowedValues?pagesize=200&start=1&workspace=workspace/699220&project=project/719307
2016-05-27 14:50:47.354 200 attributedefinition/-10500/AllowedValues?pagesize=200&start=1&workspace=workspace/699220&project=project TotalResultCount 0
2016-05-27 14:50:47.354 GET https://demo-apac.rallydev.com/slm/webservice/v2.0/attributedefinition/-10507/AllowedValues?pagesize=200&start=1&workspace=workspace/699220&project=project/719307
2016-05-27 14:50:52.620 200 attributedefinition/-10507/AllowedValues?pagesize=200&start=1&workspace=workspace/699220&project=project TotalResultCount 0
2016-05-27 14:50:52.620 GET https://demo-apac.rallydev.com/slm/webservice/v2.0/attributedefinition/-10517/AllowedValues?pagesize=200&start=1&workspace=workspace/699220&project=project/719307
2016-05-27 14:50:57.865 200 attributedefinition/-10517/AllowedValues?pagesize=200&start=1&workspace=workspace/699220&project=project TotalResultCount 0
2016-05-27 14:50:57.865 GET https://demo-apac.rallydev.com/slm/webservice/v2.0/attributedefinition/-10518/AllowedValues?pagesize=200&start=1&workspace=workspace/699220&project=project/719307
2016-05-27 14:51:03.128 200 attributedefinition/-10518/AllowedValues?pagesize=200&start=1&workspace=workspace/699220&project=project TotalResultCount 0
2016-05-27 14:51:03.128 GET https://demo-apac.rallydev.com/slm/webservice/v2.0/attributedefinition/-10502/AllowedValues?pagesize=200&start=1&workspace=workspace/699220&project=project/719307
2016-05-27 14:51:08.412 200 attributedefinition/-10502/AllowedValues?pagesize=200&start=1&workspace=workspace/699220&project=project TotalResultCount 0
2016-05-27 14:51:08.412 GET https://demo-apac.rallydev.com/slm/webservice/v2.0/attributedefinition/-10512/AllowedValues?pagesize=200&start=1&workspace=workspace/699220&project=project/719307
2016-05-27 14:51:13.695 200 attributedefinition/-10512/AllowedValues?pagesize=200&start=1&workspace=workspace/699220&project=project TotalResultCount 90
2016-05-27 14:51:13.727 GET https://demo-apac.rallydev.com/slm/webservice/v2.0/attributedefinition/-10506/AllowedValues?pagesize=200&start=1&workspace=workspace/699220&project=project/719307
2016-05-27 14:51:18.999 200 attributedefinition/-10506/AllowedValues?pagesize=200&start=1&workspace=workspace/699220&project=project TotalResultCount 15
2016-05-27 14:51:19.014 GET https://demo-apac.rallydev.com/slm/webservice/v2.0/attributedefinition/-10515/AllowedValues?pagesize=200&start=1&workspace=workspace/699220&project=project/719307
2016-05-27 14:51:24.257 200 attributedefinition/-10515/AllowedValues?pagesize=200&start=1&workspace=workspace/699220&project=project TotalResultCount 0
2016-05-27 14:51:24.257 GET https://demo-apac.rallydev.com/slm/webservice/v2.0/attributedefinition/-10505/AllowedValues?pagesize=200&start=1&workspace=workspace/699220&project=project/719307
2016-05-27 14:51:29.502 200 attributedefinition/-10505/AllowedValues?pagesize=200&start=1&workspace=workspace/699220&project=project TotalResultCount 0
2016-05-27 14:51:29.502 GET https://demo-apac.rallydev.com/slm/webservice/v2.0/attributedefinition/-10511/AllowedValues?pagesize=200&start=1&workspace=workspace/699220&project=project/719307
2016-05-27 14:51:34.746 200 attributedefinition/-10511/AllowedValues?pagesize=200&start=1&workspace=workspace/699220&project=project TotalResultCount 0
2016-05-27 14:51:34.746 GET https://demo-apac.rallydev.com/slm/webservice/v2.0/attributedefinition/-41580/AllowedValues?pagesize=200&start=1&workspace=workspace/699220&project=project/719307
2016-05-27 14:51:39.987 200 attributedefinition/-41580/AllowedValues?pagesize=200&start=1&workspace=workspace/699220&project=project TotalResultCount 0
2016-05-27 14:51:39.987 GET https://demo-apac.rallydev.com/slm/webservice/v2.0/attributedefinition/-41581/AllowedValues?pagesize=200&start=1&workspace=workspace/699220&project=project/719307
2016-05-27 14:51:45.223 200 attributedefinition/-41581/AllowedValues?pagesize=200&start=1&workspace=workspace/699220&project=project TotalResultCount 0
2016-05-27 14:51:45.223 GET https://demo-apac.rallydev.com/slm/webservice/v2.0/attributedefinition/-41582/AllowedValues?pagesize=200&start=1&workspace=workspace/699220&project=project/719307
2016-05-27 14:51:50.490 200 attributedefinition/-41582/AllowedValues?pagesize=200&start=1&workspace=workspace/699220&project=project TotalResultCount 0
2016-05-27 14:51:50.490 GET https://demo-apac.rallydev.com/slm/webservice/v2.0/attributedefinition/-11006/AllowedValues?pagesize=200&start=1&workspace=workspace/699220&project=project/719307
2016-05-27 14:51:55.758 200 attributedefinition/-11006/AllowedValues?pagesize=200&start=1&workspace=workspace/699220&project=project TotalResultCount 0
2016-05-27 14:51:55.758 GET https://demo-apac.rallydev.com/slm/webservice/v2.0/attributedefinition/-27502/AllowedValues?pagesize=200&start=1&workspace=workspace/699220&project=project/719307
2016-05-27 14:52:01.003 200 attributedefinition/-27502/AllowedValues?pagesize=200&start=1&workspace=workspace/699220&project=project TotalResultCount 0
2016-05-27 14:52:01.003 GET https://demo-apac.rallydev.com/slm/webservice/v2.0/attributedefinition/-27509/AllowedValues?pagesize=200&start=1&workspace=workspace/699220&project=project/719307
2016-05-27 14:52:06.262 200 attributedefinition/-27509/AllowedValues?pagesize=200&start=1&workspace=workspace/699220&project=project TotalResultCount 0
2016-05-27 14:52:06.262 GET https://demo-apac.rallydev.com/slm/webservice/v2.0/attributedefinition/-27516/AllowedValues?pagesize=200&start=1&workspace=workspace/699220&project=project/719307
2016-05-27 14:52:11.532 200 attributedefinition/-27516/AllowedValues?pagesize=200&start=1&workspace=workspace/699220&project=project TotalResultCount 0
2016-05-27 14:52:11.532 GET https://demo-apac.rallydev.com/slm/webservice/v2.0/attributedefinition/-27501/AllowedValues?pagesize=200&start=1&workspace=workspace/699220&project=project/719307
2016-05-27 14:52:16.778 200 attributedefinition/-27501/AllowedValues?pagesize=200&start=1&workspace=workspace/699220&project=project TotalResultCount 0
2016-05-27 14:52:16.778 GET https://demo-apac.rallydev.com/slm/webservice/v2.0/attributedefinition/-27517/AllowedValues?pagesize=200&start=1&workspace=workspace/699220&project=project/719307
2016-05-27 14:52:22.055 200 attributedefinition/-27517/AllowedValues?pagesize=200&start=1&workspace=workspace/699220&project=project TotalResultCount 0
2016-05-27 14:52:22.055 GET https://demo-apac.rallydev.com/slm/webservice/v2.0/attributedefinition/-27527/AllowedValues?pagesize=200&start=1&workspace=workspace/699220&project=project/719307
2016-05-27 14:52:27.329 200 attributedefinition/-27527/AllowedValues?pagesize=200&start=1&workspace=workspace/699220&project=project TotalResultCount 0
2016-05-27 14:52:27.329 GET https://demo-apac.rallydev.com/slm/webservice/v2.0/attributedefinition/-27525/AllowedValues?pagesize=200&start=1&workspace=workspace/699220&project=project/719307
2016-05-27 14:52:32.627 200 attributedefinition/-27525/AllowedValues?pagesize=200&start=1&workspace=workspace/699220&project=project TotalResultCount 0
2016-05-27 14:52:32.627 GET https://demo-apac.rallydev.com/slm/webservice/v2.0/attributedefinition/-27524/AllowedValues?pagesize=200&start=1&workspace=workspace/699220&project=project/719307
2016-05-27 14:52:37.867 200 attributedefinition/-27524/AllowedValues?pagesize=200&start=1&workspace=workspace/699220&project=project TotalResultCount 0
2016-05-27 14:52:37.867 GET https://demo-apac.rallydev.com/slm/webservice/v2.0/attributedefinition/-27504/AllowedValues?pagesize=200&start=1&workspace=workspace/699220&project=project/719307
2016-05-27 14:52:43.119 200 attributedefinition/-27504/AllowedValues?pagesize=200&start=1&workspace=workspace/699220&project=project TotalResultCount 12
2016-05-27 14:52:43.119 GET https://demo-apac.rallydev.com/slm/webservice/v2.0/attributedefinition/-27500/AllowedValues?pagesize=200&start=1&workspace=workspace/699220&project=project/719307
2016-05-27 14:52:48.704 200 attributedefinition/-27500/AllowedValues?pagesize=200&start=1&workspace=workspace/699220&project=project TotalResultCount 0
2016-05-27 14:52:48.704 GET https://demo-apac.rallydev.com/slm/webservice/v2.0/attributedefinition/-27508/AllowedValues?pagesize=200&start=1&workspace=workspace/699220&project=project/719307
2016-05-27 14:52:53.948 200 attributedefinition/-27508/AllowedValues?pagesize=200&start=1&workspace=workspace/699220&project=project TotalResultCount 0
2016-05-27 14:52:53.948 GET https://demo-apac.rallydev.com/slm/webservice/v2.0/attributedefinition/-27514/AllowedValues?pagesize=200&start=1&workspace=workspace/699220&project=project/719307
2016-05-27 14:52:59.217 200 attributedefinition/-27514/AllowedValues?pagesize=200&start=1&workspace=workspace/699220&project=project TotalResultCount 0
2016-05-27 14:52:59.217 GET https://demo-apac.rallydev.com/slm/webservice/v2.0/attributedefinition/-27522/AllowedValues?pagesize=200&start=1&workspace=workspace/699220&project=project/719307
2016-05-27 14:53:04.463 200 attributedefinition/-27522/AllowedValues?pagesize=200&start=1&workspace=workspace/699220&project=project TotalResultCount 0
2016-05-27 14:53:04.463 GET https://demo-apac.rallydev.com/slm/webservice/v2.0/attributedefinition/-27505/AllowedValues?pagesize=200&start=1&workspace=workspace/699220&project=project/719307
2016-05-27 14:53:09.736 200 attributedefinition/-27505/AllowedValues?pagesize=200&start=1&workspace=workspace/699220&project=project TotalResultCount 4
2016-05-27 14:53:09.736 GET https://demo-apac.rallydev.com/slm/webservice/v2.0/attributedefinition/-27515/AllowedValues?pagesize=200&start=1&workspace=workspace/699220&project=project/719307
2016-05-27 14:53:14.966 200 attributedefinition/-27515/AllowedValues?pagesize=200&start=1&workspace=workspace/699220&project=project TotalResultCount 0
2016-05-27 14:53:14.966 GET https://demo-apac.rallydev.com/slm/webservice/v2.0/attributedefinition/-27512/AllowedValues?pagesize=200&start=1&workspace=workspace/699220&project=project/719307
2016-05-27 14:53:20.217 200 attributedefinition/-27512/AllowedValues?pagesize=200&start=1&workspace=workspace/699220&project=project TotalResultCount 0
2016-05-27 14:53:20.217 GET https://demo-apac.rallydev.com/slm/webservice/v2.0/attributedefinition/-27511/AllowedValues?pagesize=200&start=1&workspace=workspace/699220&project=project/719307
2016-05-27 14:53:25.445 200 attributedefinition/-27511/AllowedValues?pagesize=200&start=1&workspace=workspace/699220&project=project TotalResultCount 0
2016-05-27 14:53:25.445 GET https://demo-apac.rallydev.com/slm/webservice/v2.0/attributedefinition/-27513/AllowedValues?pagesize=200&start=1&workspace=workspace/699220&project=project/719307
2016-05-27 14:53:30.711 200 attributedefinition/-27513/AllowedValues?pagesize=200&start=1&workspace=workspace/699220&project=project TotalResultCount 0
2016-05-27 14:53:30.711 GET https://demo-apac.rallydev.com/slm/webservice/v2.0/attributedefinition/-27503/AllowedValues?pagesize=200&start=1&workspace=workspace/699220&project=project/719307
2016-05-27 14:53:35.966 200 attributedefinition/-27503/AllowedValues?pagesize=200&start=1&workspace=workspace/699220&project=project TotalResultCount 0
2016-05-27 14:53:35.966 GET https://demo-apac.rallydev.com/slm/webservice/v2.0/attributedefinition/-27518/AllowedValues?pagesize=200&start=1&workspace=workspace/699220&project=project/719307
2016-05-27 14:53:41.205 200 attributedefinition/-27518/AllowedValues?pagesize=200&start=1&workspace=workspace/699220&project=project TotalResultCount 0
2016-05-27 14:53:41.205 GET https://demo-apac.rallydev.com/slm/webservice/v2.0/attributedefinition/745217/AllowedValues?pagesize=200&start=1&workspace=workspace/699220&project=project/719307
2016-05-27 14:53:46.491 200 attributedefinition/745217/AllowedValues?pagesize=200&start=1&workspace=workspace/699220&project=project TotalResultCount 0
2016-05-27 14:53:46.491 GET https://demo-apac.rallydev.com/slm/webservice/v2.0/weblinkdefinition/722564/AllowedValues?pagesize=200&start=1&workspace=workspace/699220&project=project/719307
2016-05-27 14:53:51.754 200 weblinkdefinition/722564/AllowedValues?pagesize=200&start=1&workspace=workspace/699220&project=project TotalResultCount 0
2016-05-27 14:53:51.754 GET https://demo-apac.rallydev.com/slm/webservice/v2.0/attributedefinition/4047299/AllowedValues?pagesize=200&start=1&workspace=workspace/699220&project=project/719307
2016-05-27 14:53:57.045 200 attributedefinition/4047299/AllowedValues?pagesize=200&start=1&workspace=workspace/699220&project=project TotalResultCount 8
2016-05-27 14:53:57.045 GET https://demo-apac.rallydev.com/slm/webservice/v2.0/weblinkdefinition/746594/AllowedValues?pagesize=200&start=1&workspace=workspace/699220&project=project/719307
2016-05-27 14:54:02.326 200 weblinkdefinition/746594/AllowedValues?pagesize=200&start=1&workspace=workspace/699220&project=project TotalResultCount 0
2016-05-27 14:54:02.326 GET https://demo-apac.rallydev.com/slm/webservice/v2.0/attributedefinition/746589/AllowedValues?pagesize=200&start=1&workspace=workspace/699220&project=project/719307
2016-05-27 14:54:07.584 200 attributedefinition/746589/AllowedValues?pagesize=200&start=1&workspace=workspace/699220&project=project TotalResultCount 0
2016-05-27 14:54:07.584 GET https://demo-apac.rallydev.com/slm/webservice/v2.0/attributedefinition/5904400/AllowedValues?pagesize=200&start=1&workspace=workspace/699220&project=project/719307
2016-05-27 14:54:12.839 200 attributedefinition/5904400/AllowedValues?pagesize=200&start=1&workspace=workspace/699220&project=project TotalResultCount 0
2016-05-27 14:54:12.839 GET https://demo-apac.rallydev.com/slm/webservice/v2.0/attributedefinition/727327/AllowedValues?pagesize=200&start=1&workspace=workspace/699220&project=project/719307
2016-05-27 14:54:18.121 200 attributedefinition/727327/AllowedValues?pagesize=200&start=1&workspace=workspace/699220&project=project TotalResultCount 0
2016-05-27 14:54:18.121 GET https://demo-apac.rallydev.com/slm/webservice/v2.0/attributedefinition/3341981/AllowedValues?pagesize=200&start=1&workspace=workspace/699220&project=project/719307
2016-05-27 14:54:23.360 200 attributedefinition/3341981/AllowedValues?pagesize=200&start=1&workspace=workspace/699220&project=project TotalResultCount 0
2016-05-27 14:54:23.360 GET https://demo-apac.rallydev.com/slm/webservice/v2.0/attributedefinition/727330/AllowedValues?pagesize=200&start=1&workspace=workspace/699220&project=project/719307
2016-05-27 14:54:28.637 200 attributedefinition/727330/AllowedValues?pagesize=200&start=1&workspace=workspace/699220&project=project TotalResultCount 0
2016-05-27 14:54:28.637 GET https://demo-apac.rallydev.com/slm/webservice/v2.0/attributedefinition/727333/AllowedValues?pagesize=200&start=1&workspace=workspace/699220&project=project/719307
2016-05-27 14:54:33.874 200 attributedefinition/727333/AllowedValues?pagesize=200&start=1&workspace=workspace/699220&project=project TotalResultCount 0
2016-05-27 14:54:33.874 GET https://demo-apac.rallydev.com/slm/webservice/v2.0/attributedefinition/1112467/AllowedValues?pagesize=200&start=1&workspace=workspace/699220&project=project/719307
2016-05-27 14:54:39.129 200 attributedefinition/1112467/AllowedValues?pagesize=200&start=1&workspace=workspace/699220&project=project TotalResultCount 0
2016-05-27 14:54:39.129 POST hierarchicalrequirement/2495311?key=51ed0011-a72c-489c-96d1-9195d40a9294&workspace=workspace/699220&project=project/719307
                            {'HierarchicalRequirement': {'FormattedID': u'S122', 'Predecessors': [u'https://demo-apac.rallydev.com/slm/webservice/v2.0/hierarchicalrequirement/6241864'], 'Name': 'Updated from Import Script 4', 'ObjectID': 2495311}}
2016-05-27 14:54:44.584 GET HierarchicalRequirement/2495311?workspace=workspace/699220&project=project/719307
2016-05-27 14:54:49.848 200 HierarchicalRequirement/2495311?workspace=workspace/699220&project=project/719307
2016-05-27 14:54:49.848 GET HierarchicalRequirement?fetch=_ref,ObjectID,FormattedID,Name,Predecessors&query=(FormattedID = S82)&workspace=workspace/699220&project=project/719307&pagesize=100&start=1
2016-05-27 14:54:55.117 200 HierarchicalRequirement?fetch=_ref,ObjectID,FormattedID,Name,Predecessors&query=(FormattedID%20%3D%20S82)&workspace=workspace/699220&project=project TotalResultCount 1
2016-05-27 14:54:55.117 GET HierarchicalRequirement?fetch=_ref,ObjectID,FormattedID,Name,Predecessors&query=(FormattedID = S80)&workspace=workspace/699220&project=project/719307&pagesize=100&start=1
2016-05-27 14:55:00.391 200 HierarchicalRequirement?fetch=_ref,ObjectID,FormattedID,Name,Predecessors&query=(FormattedID%20%3D%20S80)&workspace=workspace/699220&project=project TotalResultCount 1
2016-05-27 14:55:00.391 GET HierarchicalRequirement?fetch=ObjectID&query=(FormattedID = "S82")&workspace=workspace/699220&project=project/719307&pagesize=100&start=1
2016-05-27 14:55:05.678 200 HierarchicalRequirement?fetch=ObjectID&query=(FormattedID%20%3D%20%22S82%22)&workspace=workspace/699220&project=project TotalResultCount 1
2016-05-27 14:55:05.678 POST hierarchicalrequirement/1482441?key=51ed0011-a72c-489c-96d1-9195d40a9294&workspace=workspace/699220&project=project/719307
                            {'HierarchicalRequirement': {'FormattedID': u'S82', 'Predecessors': [], 'Name': 'Updated from Import Script 4', 'ObjectID': 1482441}}
2016-05-27 14:55:10.959 GET HierarchicalRequirement/1482441?workspace=workspace/699220&project=project/719307
2016-05-27 14:55:16.259 200 HierarchicalRequirement/1482441?workspace=workspace/699220&project=project/719307
2016-05-27 14:55:16.259 GET HierarchicalRequirement?fetch=_ref,ObjectID,FormattedID,Name,Predecessors&query=(FormattedID = S80)&workspace=workspace/699220&project=project/719307&pagesize=100&start=1
2016-05-27 14:55:21.868 200 HierarchicalRequirement?fetch=_ref,ObjectID,FormattedID,Name,Predecessors&query=(FormattedID%20%3D%20S80)&workspace=workspace/699220&project=project TotalResultCount 1
2016-05-27 14:55:21.868 GET HierarchicalRequirement?fetch=_ref,ObjectID,FormattedID,Name,Predecessors&query=(FormattedID = S84)&workspace=workspace/699220&project=project/719307&pagesize=100&start=1
2016-05-27 14:55:27.171 200 HierarchicalRequirement?fetch=_ref,ObjectID,FormattedID,Name,Predecessors&query=(FormattedID%20%3D%20S84)&workspace=workspace/699220&project=project TotalResultCount 1
2016-05-27 14:55:27.171 GET HierarchicalRequirement?fetch=ObjectID&query=(FormattedID = "S80")&workspace=workspace/699220&project=project/719307&pagesize=100&start=1
2016-05-27 14:55:32.445 200 HierarchicalRequirement?fetch=ObjectID&query=(FormattedID%20%3D%20%22S80%22)&workspace=workspace/699220&project=project TotalResultCount 1
2016-05-27 14:55:32.445 POST hierarchicalrequirement/1482393?key=51ed0011-a72c-489c-96d1-9195d40a9294&workspace=workspace/699220&project=project/719307
                            {'HierarchicalRequirement': {'FormattedID': u'S80', 'Predecessors': [], 'Name': 'Updated from Import Script 4', 'ObjectID': 1482393}}
2016-05-27 14:55:37.737 GET HierarchicalRequirement/1482393?workspace=workspace/699220&project=project/719307
2016-05-27 14:55:43.871 200 HierarchicalRequirement/1482393?workspace=workspace/699220&project=project/719307
